2021_2_front/CapstoneDesign/app/build/intermediates/manifest_merge_blame_file/debug/manifest-merger-blame-debug-report.txt
1<?xml version="1.0" encoding="utf-8"?>
2<manifest xmlns:android="http://schemas.android.com/apk/res/android"
3    package="com.example.capstonedesign"
4    android:versionCode="1"
5    android:versionName="1.0" >
6
7    <uses-sdk
8        android:minSdkVersion="30"
8-->src\main\AndroidManifest.xml
9        android:targetSdkVersion="30" />
9-->src\main\AndroidManifest.xml
10
11    <application
11-->src\main\AndroidManifest.xml:5:5-25:19
12        android:allowBackup="true"
12-->src\main\AndroidManifest.xml:6:9-35
13        android:appComponentFactory="androidx.core.app.CoreComponentFactory"
13-->[androidx.core:core:1.5.0] AndroidManifest.xml:24:18-86
14        android:debuggable="true"
15        android:extractNativeLibs="false"
16        android:icon="@mipmap/ic_launcher"
16-->src\main\AndroidManifest.xml:7:9-43
17        android:label="@string/app_name"
17-->src\main\AndroidManifest.xml:8:9-41
18        android:roundIcon="@mipmap/ic_launcher_round"
18-->src\main\AndroidManifest.xml:9:9-54
19        android:supportsRtl="true"
19-->src\main\AndroidManifest.xml:10:9-35
20        android:testOnly="true"
21        android:theme="@style/Theme.CapstoneDesign" >
21-->src\main\AndroidManifest.xml:11:9-52
22        <activity android:name="com.example.capstonedesign.Password" />
22-->src\main\AndroidManifest.xml:12:9-55
22-->src\main\AndroidManifest.xml:12:19-43
23        <activity android:name="com.example.capstonedesign.Email" />
23-->src\main\AndroidManifest.xml:13:9-43
23-->src\main\AndroidManifest.xml:13:19-40
24        <activity android:name="com.example.capstonedesign.Register" />
24-->src\main\AndroidManifest.xml:14:9-46
24-->src\main\AndroidManifest.xml:14:19-43
25        <activity android:name="com.example.capstonedesign.Setting" />
25-->src\main\AndroidManifest.xml:15:9-45
25-->src\main\AndroidManifest.xml:15:19-42
26        <activity android:name="com.example.capstonedesign.Home" />
26-->src\main\AndroidManifest.xml:16:9-42
26-->src\main\AndroidManifest.xml:16:19-39
27        <activity android:name="com.example.capstonedesign.Login" />
27-->src\main\AndroidManifest.xml:17:9-43
27-->src\main\AndroidManifest.xml:17:19-40
28        <activity android:name="com.example.capstonedesign.MainActivity" >
28-->src\main\AndroidManifest.xml:18:9-24:20
28-->src\main\AndroidManifest.xml:18:19-47
29            <intent-filter>
29-->src\main\AndroidManifest.xml:19:13-23:29
30                <action android:name="android.intent.action.MAIN" />
30-->src\main\AndroidManifest.xml:20:17-69
30-->src\main\AndroidManifest.xml:20:25-66
31
32                <category android:name="android.intent.category.LAUNCHER" />
32-->src\main\AndroidManifest.xml:22:17-77
32-->src\main\AndroidManifest.xml:22:27-74
33            </intent-filter>
34        </activity>
35    </application>
36
37</manifest>